{"id":"audit_1757108695703_t11nezxa5","timestamp":"2025-09-05T21:44:55.703Z","userId":"1","userEmail":"","userRole":"ADMIN","operation":"canCreate","success":true,"ipAddress":"localhost","userAgent":"unknown","metadata":{"rateLimitRemaining":null,"processingTime":0}}
{"id":"audit_1757108695745_w8hlyi6jb","timestamp":"2025-09-05T21:44:55.745Z","userId":"1","userEmail":"","userRole":"ADMIN","operation":"canCreate","success":true,"ipAddress":"localhost","userAgent":"unknown","metadata":{"resultType":"object"}}
{"id":"audit_1757108695764_xm876c2dc","timestamp":"2025-09-05T21:44:55.764Z","userId":"unauthorized","userEmail":"unauthorized","userRole":"USUARIO","operation":"canCreate","success":false,"error":"Usuário não tem permissão para canCreate backups","ipAddress":"localhost","userAgent":"unknown","metadata":{"url":"http://localhost:3000/api/backup/create","method":"POST"}}
{"id":"audit_1757108695769_sz4rf4ep1","timestamp":"2025-09-05T21:44:55.769Z","userId":"unauthorized","userEmail":"unauthorized","userRole":"USUARIO","operation":"canCreate","success":false,"error":"Usuário não autenticado","ipAddress":"localhost","userAgent":"unknown","metadata":{"url":"http://localhost:3000/api/backup/create","method":"POST"}}
{"id":"audit_1757108695772_0wvdha6dc","timestamp":"2025-09-05T21:44:55.772Z","userId":"1","userEmail":"","userRole":"ADMIN","operation":"canCreate","success":true,"ipAddress":"localhost","userAgent":"unknown","metadata":{"rateLimitRemaining":null,"processingTime":0}}
{"id":"audit_1757108695785_fxd28u30i","timestamp":"2025-09-05T21:44:55.785Z","userId":"1","userEmail":"","userRole":"ADMIN","operation":"canCreate","success":false,"error":"Falha na conexão com o banco de dados","ipAddress":"localhost","userAgent":"unknown"}
{"id":"audit_1757108695795_w2xlba8on","timestamp":"2025-09-05T21:44:55.795Z","userId":"3","userEmail":"","userRole":"SUPERVISOR","operation":"canList","success":true,"ipAddress":"localhost","userAgent":"unknown","metadata":{"rateLimitRemaining":null,"processingTime":0}}
{"id":"audit_1757108695807_ciabfdqru","timestamp":"2025-09-05T21:44:55.807Z","userId":"3","userEmail":"","userRole":"SUPERVISOR","operation":"canList","success":false,"error":"Cannot read properties of undefined (reading 'sort')","ipAddress":"localhost","userAgent":"unknown"}
{"id":"audit_1757108695813_f4zhxyu8k","timestamp":"2025-09-05T21:44:55.813Z","userId":"1","userEmail":"","userRole":"ADMIN","operation":"canList","success":true,"ipAddress":"localhost","userAgent":"unknown","metadata":{"rateLimitRemaining":null,"processingTime":0}}
{"id":"audit_1757108695819_mbpwr76z6","timestamp":"2025-09-05T21:44:55.819Z","userId":"1","userEmail":"","userRole":"ADMIN","operation":"canList","success":false,"error":"Cannot read properties of undefined (reading 'filter')","ipAddress":"localhost","userAgent":"unknown"}
{"id":"audit_1757108695822_soqgmko8x","timestamp":"2025-09-05T21:44:55.822Z","userId":"1","userEmail":"","userRole":"ADMIN","operation":"canList","success":true,"ipAddress":"localhost","userAgent":"unknown","metadata":{"rateLimitRemaining":null,"processingTime":0}}
{"id":"audit_1757108695827_pszj3qh6b","timestamp":"2025-09-05T21:44:55.827Z","userId":"1","userEmail":"","userRole":"ADMIN","operation":"canList","success":false,"error":"Cannot read properties of undefined (reading 'sort')","ipAddress":"localhost","userAgent":"unknown"}
{"id":"audit_1757108996309_r9sr6mq06","timestamp":"2025-09-05T21:49:56.309Z","userId":"1","userEmail":"","userRole":"ADMIN","operation":"canCreate","success":true,"ipAddress":"localhost","userAgent":"unknown","metadata":{"rateLimitRemaining":null,"processingTime":1}}
{"id":"audit_1757108996347_witeyyd8k","timestamp":"2025-09-05T21:49:56.347Z","userId":"1","userEmail":"","userRole":"ADMIN","operation":"canCreate","success":true,"ipAddress":"localhost","userAgent":"unknown","metadata":{"resultType":"object"}}
{"id":"audit_1757108996365_qtdhmgn1n","timestamp":"2025-09-05T21:49:56.365Z","userId":"unauthorized","userEmail":"unauthorized","userRole":"USUARIO","operation":"canCreate","success":false,"error":"Usuário não tem permissão para canCreate backups","ipAddress":"localhost","userAgent":"unknown","metadata":{"url":"http://localhost:3000/api/backup/create","method":"POST"}}
{"id":"audit_1757108996369_vqjk2s6lh","timestamp":"2025-09-05T21:49:56.369Z","userId":"unauthorized","userEmail":"unauthorized","userRole":"USUARIO","operation":"canCreate","success":false,"error":"Usuário não autenticado","ipAddress":"localhost","userAgent":"unknown","metadata":{"url":"http://localhost:3000/api/backup/create","method":"POST"}}
{"id":"audit_1757108996372_atsadk17t","timestamp":"2025-09-05T21:49:56.372Z","userId":"1","userEmail":"","userRole":"ADMIN","operation":"canCreate","success":true,"ipAddress":"localhost","userAgent":"unknown","metadata":{"rateLimitRemaining":null,"processingTime":0}}
{"id":"audit_1757108996383_28t0n652p","timestamp":"2025-09-05T21:49:56.383Z","userId":"1","userEmail":"","userRole":"ADMIN","operation":"canCreate","success":false,"error":"Falha na conexão com o banco de dados","ipAddress":"localhost","userAgent":"unknown"}
{"id":"audit_1757108996388_6jld9c4gv","timestamp":"2025-09-05T21:49:56.388Z","userId":"3","userEmail":"","userRole":"SUPERVISOR","operation":"canList","success":true,"ipAddress":"localhost","userAgent":"unknown","metadata":{"rateLimitRemaining":null,"processingTime":0}}
{"id":"audit_1757108996399_cx27l78vz","timestamp":"2025-09-05T21:49:56.399Z","userId":"3","userEmail":"","userRole":"SUPERVISOR","operation":"canList","success":false,"error":"Cannot read properties of undefined (reading 'sort')","ipAddress":"localhost","userAgent":"unknown"}
{"id":"audit_1757108996404_sldi72uw3","timestamp":"2025-09-05T21:49:56.404Z","userId":"1","userEmail":"","userRole":"ADMIN","operation":"canList","success":true,"ipAddress":"localhost","userAgent":"unknown","metadata":{"rateLimitRemaining":null,"processingTime":0}}
{"id":"audit_1757108996410_ea8cuxjnl","timestamp":"2025-09-05T21:49:56.410Z","userId":"1","userEmail":"","userRole":"ADMIN","operation":"canList","success":false,"error":"Cannot read properties of undefined (reading 'filter')","ipAddress":"localhost","userAgent":"unknown"}
{"id":"audit_1757108996414_ypz3sjszd","timestamp":"2025-09-05T21:49:56.414Z","userId":"1","userEmail":"","userRole":"ADMIN","operation":"canList","success":true,"ipAddress":"localhost","userAgent":"unknown","metadata":{"rateLimitRemaining":null,"processingTime":0}}
{"id":"audit_1757108996419_hhfv23aum","timestamp":"2025-09-05T21:49:56.419Z","userId":"1","userEmail":"","userRole":"ADMIN","operation":"canList","success":false,"error":"Cannot read properties of undefined (reading 'sort')","ipAddress":"localhost","userAgent":"unknown"}
{"id":"audit_1757109108100_0wf8ih2vr","timestamp":"2025-09-05T21:51:48.100Z","userId":"1","userEmail":"","userRole":"ADMIN","operation":"canCreate","success":true,"ipAddress":"localhost","userAgent":"unknown","metadata":{"rateLimitRemaining":null,"processingTime":1}}
{"id":"audit_1757109108139_j3iyp7wxo","timestamp":"2025-09-05T21:51:48.139Z","userId":"1","userEmail":"","userRole":"ADMIN","operation":"canCreate","success":false,"error":"Cannot read properties of undefined (reading 'success')","ipAddress":"localhost","userAgent":"unknown"}
{"id":"audit_1757109108166_fu5iw57oo","timestamp":"2025-09-05T21:51:48.166Z","userId":"1","userEmail":"","userRole":"ADMIN","operation":"canList","success":true,"ipAddress":"localhost","userAgent":"unknown","metadata":{"rateLimitRemaining":null,"processingTime":0}}
{"id":"audit_1757109108175_fxv8aix0a","timestamp":"2025-09-05T21:51:48.175Z","userId":"1","userEmail":"","userRole":"ADMIN","operation":"canList","success":false,"error":"Cannot read properties of undefined (reading 'sort')","ipAddress":"localhost","userAgent":"unknown"}
{"id":"audit_1757109108202_uiv72qejg","timestamp":"2025-09-05T21:51:48.202Z","userId":"1","userEmail":"","userRole":"ADMIN","operation":"canDownload","success":true,"ipAddress":"localhost","userAgent":"unknown","metadata":{"rateLimitRemaining":null,"processingTime":0}}
{"id":"audit_1757109485772_jm1ozj2ap","timestamp":"2025-09-05T21:58:05.772Z","userId":"cmf5yovrd0000zmd6syh33nk3","userEmail":"superadmin@sistema.com","userRole":"SUPERADMIN","operation":"canList","success":true,"ipAddress":"127.0.0.1","userAgent":"Mozilla/5.0 (Windows NT 10.0; Win64; x64) AppleWebKit/537.36 (KHTML, like Gecko) Chrome/139.0.0.0 Safari/537.36","metadata":{"rateLimitRemaining":null,"processingTime":29}}
{"id":"audit_1757109485776_rxqykyj9i","timestamp":"2025-09-05T21:58:05.776Z","userId":"cmf5yovrd0000zmd6syh33nk3","userEmail":"superadmin@sistema.com","userRole":"SUPERADMIN","operation":"canList","success":true,"ipAddress":"127.0.0.1","userAgent":"Mozilla/5.0 (Windows NT 10.0; Win64; x64) AppleWebKit/537.36 (KHTML, like Gecko) Chrome/139.0.0.0 Safari/537.36","metadata":{"resultType":"object"}}
{"id":"audit_1757109485798_hift63jfp","timestamp":"2025-09-05T21:58:05.798Z","userId":"cmf5yovrd0000zmd6syh33nk3","userEmail":"superadmin@sistema.com","userRole":"SUPERADMIN","operation":"canList","success":true,"ipAddress":"127.0.0.1","userAgent":"Mozilla/5.0 (Windows NT 10.0; Win64; x64) AppleWebKit/537.36 (KHTML, like Gecko) Chrome/139.0.0.0 Safari/537.36","metadata":{"rateLimitRemaining":null,"processingTime":2}}
{"id":"audit_1757109485799_dalcr2emi","timestamp":"2025-09-05T21:58:05.799Z","userId":"cmf5yovrd0000zmd6syh33nk3","userEmail":"superadmin@sistema.com","userRole":"SUPERADMIN","operation":"canList","success":true,"ipAddress":"127.0.0.1","userAgent":"Mozilla/5.0 (Windows NT 10.0; Win64; x64) AppleWebKit/537.36 (KHTML, like Gecko) Chrome/139.0.0.0 Safari/537.36","metadata":{"resultType":"object"}}
{"id":"audit_1757109494239_1ix6mb7sc","timestamp":"2025-09-05T21:58:14.239Z","userId":"cmf5yovrd0000zmd6syh33nk3","userEmail":"superadmin@sistema.com","userRole":"SUPERADMIN","operation":"canList","success":true,"ipAddress":"127.0.0.1","userAgent":"Mozilla/5.0 (Windows NT 10.0; Win64; x64) AppleWebKit/537.36 (KHTML, like Gecko) Chrome/139.0.0.0 Safari/537.36","metadata":{"rateLimitRemaining":null,"processingTime":36}}
{"id":"audit_1757109494244_526ja1z6p","timestamp":"2025-09-05T21:58:14.244Z","userId":"cmf5yovrd0000zmd6syh33nk3","userEmail":"superadmin@sistema.com","userRole":"SUPERADMIN","operation":"canList","success":true,"ipAddress":"127.0.0.1","userAgent":"Mozilla/5.0 (Windows NT 10.0; Win64; x64) AppleWebKit/537.36 (KHTML, like Gecko) Chrome/139.0.0.0 Safari/537.36","metadata":{"resultType":"object"}}
{"id":"audit_1757109499941_a6vwz4l28","timestamp":"2025-09-05T21:58:19.941Z","userId":"cmf5yovrd0000zmd6syh33nk3","userEmail":"superadmin@sistema.com","userRole":"SUPERADMIN","operation":"canList","success":true,"ipAddress":"127.0.0.1","userAgent":"Mozilla/5.0 (Windows NT 10.0; Win64; x64) AppleWebKit/537.36 (KHTML, like Gecko) Chrome/139.0.0.0 Safari/537.36","metadata":{"rateLimitRemaining":null,"processingTime":24}}
{"id":"audit_1757109499945_pledfmm94","timestamp":"2025-09-05T21:58:19.945Z","userId":"cmf5yovrd0000zmd6syh33nk3","userEmail":"superadmin@sistema.com","userRole":"SUPERADMIN","operation":"canList","success":true,"ipAddress":"127.0.0.1","userAgent":"Mozilla/5.0 (Windows NT 10.0; Win64; x64) AppleWebKit/537.36 (KHTML, like Gecko) Chrome/139.0.0.0 Safari/537.36","metadata":{"resultType":"object"}}
{"id":"audit_1757109601516_kqisgmvqb","timestamp":"2025-09-05T22:00:01.516Z","userId":"1","userEmail":"","userRole":"ADMIN","operation":"canCreate","success":true,"ipAddress":"localhost","userAgent":"unknown","metadata":{"rateLimitRemaining":null,"processingTime":1}}
{"id":"audit_1757109601569_ajnqmxzw9","timestamp":"2025-09-05T22:00:01.569Z","userId":"1","userEmail":"","userRole":"ADMIN","operation":"canCreate","success":true,"ipAddress":"localhost","userAgent":"unknown","metadata":{"rateLimitRemaining":null,"processingTime":7}}
{"id":"audit_1757109601596_ca67dgxkl","timestamp":"2025-09-05T22:00:01.596Z","userId":"1","userEmail":"","userRole":"ADMIN","operation":"canCreate","success":true,"ipAddress":"localhost","userAgent":"unknown","metadata":{"resultType":"object"}}
{"id":"audit_1757109601600_e04e11hrq","timestamp":"2025-09-05T22:00:01.600Z","userId":"1","userEmail":"","userRole":"SUPERADMIN","operation":"canCreate","success":true,"ipAddress":"localhost","userAgent":"unknown","metadata":{"rateLimitRemaining":null,"processingTime":1}}
{"id":"audit_1757109601655_r7lkubtnl","timestamp":"2025-09-05T22:00:01.655Z","userId":"unauthorized","userEmail":"unauthorized","userRole":"USUARIO","operation":"canCreate","success":false,"error":"Usuário não tem permissão para canCreate backups","ipAddress":"localhost","userAgent":"unknown","metadata":{"url":"http://localhost:3000/api/backup/create","method":"POST"}}
{"id":"audit_1757109601663_3u25spz6i","timestamp":"2025-09-05T22:00:01.663Z","userId":"unauthorized","userEmail":"unauthorized","userRole":"USUARIO","operation":"canCreate","success":false,"error":"Usuário não autenticado","ipAddress":"localhost","userAgent":"unknown","metadata":{"url":"http://localhost:3000/api/backup/create","method":"POST"}}
{"id":"audit_1757109601670_34vlk142j","timestamp":"2025-09-05T22:00:01.670Z","userId":"1","userEmail":"","userRole":"ADMIN","operation":"canCreate","success":true,"ipAddress":"localhost","userAgent":"unknown","metadata":{"rateLimitRemaining":null,"processingTime":0}}
{"id":"audit_1757109601699_l0hybbte5","timestamp":"2025-09-05T22:00:01.700Z","userId":"1","userEmail":"","userRole":"ADMIN","operation":"canCreate","success":false,"error":"Falha na conexão com o banco de dados","ipAddress":"localhost","userAgent":"unknown"}
{"id":"audit_1757109601711_0maczcshd","timestamp":"2025-09-05T22:00:01.711Z","userId":"1","userEmail":"","userRole":"SUPERADMIN","operation":"canCreate","success":false,"error":"Cannot read properties of undefined (reading 'success')","ipAddress":"localhost","userAgent":"unknown"}
{"id":"audit_1757109601777_uznwgzu9m","timestamp":"2025-09-05T22:00:01.777Z","userId":"3","userEmail":"","userRole":"SUPERVISOR","operation":"canList","success":true,"ipAddress":"localhost","userAgent":"unknown","metadata":{"rateLimitRemaining":null,"processingTime":0}}
{"id":"audit_1757109601768_ct0q3cbt2","timestamp":"2025-09-05T22:00:01.768Z","userId":"1","userEmail":"","userRole":"ADMIN","operation":"canCreate","success":true,"ipAddress":"localhost","userAgent":"unknown","metadata":{"resultType":"object"}}
{"id":"audit_1757109601802_507r3koic","timestamp":"2025-09-05T22:00:01.802Z","userId":"3","userEmail":"","userRole":"SUPERVISOR","operation":"canList","success":false,"error":"Cannot read properties of undefined (reading 'sort')","ipAddress":"localhost","userAgent":"unknown"}
{"id":"audit_1757109601801_18eo4q9qk","timestamp":"2025-09-05T22:00:01.801Z","userId":"1","userEmail":"","userRole":"ADMIN","operation":"canCreate","success":true,"ipAddress":"localhost","userAgent":"unknown","metadata":{"rateLimitRemaining":null,"processingTime":0}}
{"id":"audit_1757109601809_lla1kpapa","timestamp":"2025-09-05T22:00:01.809Z","userId":"1","userEmail":"","userRole":"ADMIN","operation":"canList","success":true,"ipAddress":"localhost","userAgent":"unknown","metadata":{"rateLimitRemaining":null,"processingTime":0}}
{"id":"audit_1757109601824_04uifjn2b","timestamp":"2025-09-05T22:00:01.824Z","userId":"1","userEmail":"","userRole":"ADMIN","operation":"canList","success":false,"error":"Cannot read properties of undefined (reading 'filter')","ipAddress":"localhost","userAgent":"unknown"}
{"id":"audit_1757109601838_0arw2k6ms","timestamp":"2025-09-05T22:00:01.838Z","userId":"1","userEmail":"","userRole":"ADMIN","operation":"canList","success":true,"ipAddress":"localhost","userAgent":"unknown","metadata":{"rateLimitRemaining":null,"processingTime":0}}
{"id":"audit_1757109601870_1lzus5bmh","timestamp":"2025-09-05T22:00:01.870Z","userId":"1","userEmail":"","userRole":"ADMIN","operation":"canList","success":false,"error":"Cannot read properties of undefined (reading 'sort')","ipAddress":"localhost","userAgent":"unknown"}
{"id":"audit_1757109602139_3apn1mxpv","timestamp":"2025-09-05T22:00:02.139Z","userId":"1","userEmail":"","userRole":"SUPERADMIN","operation":"canList","success":true,"ipAddress":"localhost","userAgent":"unknown","metadata":{"rateLimitRemaining":null,"processingTime":0}}
{"id":"audit_1757109602152_0hgvfrt1w","timestamp":"2025-09-05T22:00:02.152Z","userId":"1","userEmail":"","userRole":"SUPERADMIN","operation":"canList","success":false,"error":"Cannot read properties of undefined (reading 'sort')","ipAddress":"localhost","userAgent":"unknown"}
{"id":"audit_1757109602268_9zrljc98a","timestamp":"2025-09-05T22:00:02.268Z","userId":"1","userEmail":"","userRole":"SUPERADMIN","operation":"canDownload","success":true,"ipAddress":"localhost","userAgent":"unknown","metadata":{"rateLimitRemaining":null,"processingTime":0}}
{"id":"audit_1757109602281_jg62f0tmk","timestamp":"2025-09-05T22:00:02.281Z","userId":"1","userEmail":"","userRole":"ADMIN","operation":"canCreate","success":true,"ipAddress":"localhost","userAgent":"unknown","metadata":{"rateLimitRemaining":null,"processingTime":0}}
{"id":"audit_1757109602293_kc2m5xdy7","timestamp":"2025-09-05T22:00:02.293Z","userId":"1","userEmail":"","userRole":"ADMIN","operation":"canCreate","success":false,"error":"Cannot read properties of undefined (reading 'success')","ipAddress":"localhost","userAgent":"unknown"}
{"id":"audit_1757109602310_icrtzmuss","timestamp":"2025-09-05T22:00:02.310Z","userId":"1","userEmail":"","userRole":"ADMIN","operation":"canList","success":true,"ipAddress":"localhost","userAgent":"unknown","metadata":{"rateLimitRemaining":null,"processingTime":1}}
{"id":"audit_1757109602318_mpp4fw6tw","timestamp":"2025-09-05T22:00:02.318Z","userId":"1","userEmail":"","userRole":"ADMIN","operation":"canCreate","success":true,"ipAddress":"localhost","userAgent":"unknown","metadata":{"resultType":"object"}}
{"id":"audit_1757109602324_gbt2p0gw2","timestamp":"2025-09-05T22:00:02.324Z","userId":"1","userEmail":"","userRole":"ADMIN","operation":"canList","success":false,"error":"Cannot read properties of undefined (reading 'sort')","ipAddress":"localhost","userAgent":"unknown"}
{"id":"audit_1757109602338_q5yxkbpiy","timestamp":"2025-09-05T22:00:02.338Z","userId":"1","userEmail":"","userRole":"ADMIN","operation":"canDownload","success":true,"ipAddress":"localhost","userAgent":"unknown","metadata":{"rateLimitRemaining":null,"processingTime":0}}
{"id":"audit_1757109602340_xvmlu1zqb","timestamp":"2025-09-05T22:00:02.340Z","userId":"1","userEmail":"","userRole":"ADMIN","operation":"canCreate","success":true,"ipAddress":"localhost","userAgent":"unknown","metadata":{"rateLimitRemaining":null,"processingTime":0}}
{"id":"audit_1757109602359_lana3kdir","timestamp":"2025-09-05T22:00:02.359Z","userId":"unauthorized","userEmail":"unauthorized","userRole":"USUARIO","operation":"canCreate","success":false,"error":"Usuário não tem permissão para canCreate backups","ipAddress":"localhost","userAgent":"unknown","metadata":{"url":"http://localhost:3000/api/backup/create","method":"POST"}}
{"id":"audit_1757109602378_t7j0846im","timestamp":"2025-09-05T22:00:02.378Z","userId":"1","userEmail":"","userRole":"SUPERVISOR","operation":"canList","success":true,"ipAddress":"localhost","userAgent":"unknown","metadata":{"rateLimitRemaining":null,"processingTime":0}}
{"id":"audit_1757109602393_cu9mb88sz","timestamp":"2025-09-05T22:00:02.393Z","userId":"1","userEmail":"","userRole":"SUPERVISOR","operation":"canList","success":false,"error":"Cannot read properties of undefined (reading 'sort')","ipAddress":"localhost","userAgent":"unknown"}
{"id":"audit_1757109602403_dvktfuhkj","timestamp":"2025-09-05T22:00:02.403Z","userId":"1","userEmail":"","userRole":"SUPERVISOR","operation":"canDownload","success":true,"ipAddress":"localhost","userAgent":"unknown","metadata":{"rateLimitRemaining":null,"processingTime":0}}
{"id":"audit_1757109602410_i2bzyei2p","timestamp":"2025-09-05T22:00:02.410Z","userId":"unauthorized","userEmail":"unauthorized","userRole":"USUARIO","operation":"canCreate","success":false,"error":"Usuário não tem permissão para canCreate backups","ipAddress":"localhost","userAgent":"unknown","metadata":{"url":"http://localhost:3000/api/backup/create","method":"POST"}}
{"id":"audit_1757109602414_io95j6mqh","timestamp":"2025-09-05T22:00:02.414Z","userId":"unauthorized","userEmail":"unauthorized","userRole":"USUARIO","operation":"canList","success":false,"error":"Usuário não tem permissão para canList backups","ipAddress":"localhost","userAgent":"unknown","metadata":{"url":"http://localhost:3000/api/backup/list","method":"GET"}}
{"id":"audit_1757109602419_mm56saprk","timestamp":"2025-09-05T22:00:02.419Z","userId":"unauthorized","userEmail":"unauthorized","userRole":"USUARIO","operation":"canDownload","success":false,"error":"Usuário não tem permissão para canDownload backups","ipAddress":"localhost","userAgent":"unknown","metadata":{"url":"http://localhost:3000/api/backup/download/test-id","method":"GET"}}
{"id":"audit_1757109602424_xasua1165","timestamp":"2025-09-05T22:00:02.424Z","userId":"unauthorized","userEmail":"unauthorized","userRole":"USUARIO","operation":"canCreate","success":false,"error":"Usuário não autenticado","ipAddress":"localhost","userAgent":"unknown","metadata":{"url":"http://localhost:3000/api/backup/create","method":"POST"}}
{"id":"audit_1757109602431_93agf3wvm","timestamp":"2025-09-05T22:00:02.431Z","userId":"unauthorized","userEmail":"unauthorized","userRole":"USUARIO","operation":"canCreate","success":false,"error":"Usuário não autenticado","ipAddress":"localhost","userAgent":"unknown","metadata":{"url":"http://localhost:3000/api/backup/create","method":"POST"}}
{"id":"audit_1757109602442_khtdvgeo2","timestamp":"2025-09-05T22:00:02.442Z","userId":"unknown","userEmail":"unknown","userRole":"USUARIO","operation":"canCreate","success":false,"error":"Erro interno no middleware de segurança","ipAddress":"localhost","userAgent":"unknown"}
{"id":"audit_1757109602446_okd6otzvo","timestamp":"2025-09-05T22:00:02.446Z","userId":"1","userEmail":"","userRole":"ADMIN","operation":"canDownload","success":true,"ipAddress":"localhost","userAgent":"unknown","metadata":{"rateLimitRemaining":null,"processingTime":0}}
{"id":"audit_1757109602457_vaw6zmj7b","timestamp":"2025-09-05T22:00:02.457Z","userId":"1","userEmail":"","userRole":"ADMIN","operation":"canDownload","success":true,"ipAddress":"localhost","userAgent":"unknown","metadata":{"rateLimitRemaining":null,"processingTime":0}}
{"id":"audit_1757109602463_sdrq3g22f","timestamp":"2025-09-05T22:00:02.463Z","userId":"1","userEmail":"","userRole":"ADMIN","operation":"canDownload","success":true,"ipAddress":"localhost","userAgent":"unknown","metadata":{"rateLimitRemaining":null,"processingTime":0}}
{"id":"audit_1757109602472_tfs6vb8wi","timestamp":"2025-09-05T22:00:02.472Z","userId":"1","userEmail":"","userRole":"ADMIN","operation":"canDownload","success":true,"ipAddress":"localhost","userAgent":"unknown","metadata":{"rateLimitRemaining":null,"processingTime":0}}
{"id":"audit_1757109602477_z5codkynz","timestamp":"2025-09-05T22:00:02.477Z","userId":"1","userEmail":"","userRole":"ADMIN","operation":"canDownload","success":true,"ipAddress":"localhost","userAgent":"unknown","metadata":{"rateLimitRemaining":null,"processingTime":0}}
{"id":"audit_1757109602481_p5hywx7oe","timestamp":"2025-09-05T22:00:02.481Z","userId":"1","userEmail":"","userRole":"ADMIN","operation":"canCreate","success":true,"ipAddress":"localhost","userAgent":"unknown","metadata":{"rateLimitRemaining":null,"processingTime":0}}
{"id":"audit_1757109602490_grid7qkdf","timestamp":"2025-09-05T22:00:02.490Z","userId":"1","userEmail":"","userRole":"ADMIN","operation":"canCreate","success":false,"error":"Nome do arquivo contém caracteres inválidos. Use apenas letras, números, _ e -","ipAddress":"localhost","userAgent":"unknown"}
{"id":"audit_1757109602493_gqc8735f3","timestamp":"2025-09-05T22:00:02.493Z","userId":"1","userEmail":"","userRole":"ADMIN","operation":"canCreate","success":true,"ipAddress":"localhost","userAgent":"unknown","metadata":{"rateLimitRemaining":null,"processingTime":0}}
{"id":"audit_1757109602500_gwua974uz","timestamp":"2025-09-05T22:00:02.500Z","userId":"1","userEmail":"","userRole":"ADMIN","operation":"canCreate","success":false,"error":"Nome do arquivo muito longo (máximo 100 caracteres)","ipAddress":"localhost","userAgent":"unknown"}
{"id":"audit_1757109602510_9bg6mij6c","timestamp":"2025-09-05T22:00:02.510Z","userId":"1","userEmail":"","userRole":"ADMIN","operation":"canCreate","success":true,"ipAddress":"localhost","userAgent":"unknown","metadata":{"rateLimitRemaining":null,"processingTime":2}}
{"id":"audit_1757109602510_alt3r1rih","timestamp":"2025-09-05T22:00:02.510Z","userId":"1","userEmail":"","userRole":"ADMIN","operation":"canCreate","success":true,"ipAddress":"localhost","userAgent":"unknown","metadata":{"rateLimitRemaining":null,"processingTime":1}}
{"id":"audit_1757109602509_a5tekw0s9","timestamp":"2025-09-05T22:00:02.509Z","userId":"1","userEmail":"","userRole":"ADMIN","operation":"canCreate","success":true,"ipAddress":"localhost","userAgent":"unknown","metadata":{"rateLimitRemaining":null,"processingTime":1}}
{"id":"audit_1757109602510_rbqsixhky","timestamp":"2025-09-05T22:00:02.510Z","userId":"1","userEmail":"","userRole":"ADMIN","operation":"canCreate","success":true,"ipAddress":"localhost","userAgent":"unknown","metadata":{"rateLimitRemaining":null,"processingTime":1}}
{"id":"audit_1757109602510_73atbqrg3","timestamp":"2025-09-05T22:00:02.510Z","userId":"1","userEmail":"","userRole":"ADMIN","operation":"canCreate","success":true,"ipAddress":"localhost","userAgent":"unknown","metadata":{"rateLimitRemaining":null,"processingTime":1}}
{"id":"audit_1757109602510_ms2sgv4l9","timestamp":"2025-09-05T22:00:02.510Z","userId":"1","userEmail":"","userRole":"ADMIN","operation":"canCreate","success":true,"ipAddress":"localhost","userAgent":"unknown","metadata":{"rateLimitRemaining":null,"processingTime":1}}
{"id":"audit_1757109602510_51q1lg7od","timestamp":"2025-09-05T22:00:02.510Z","userId":"1","userEmail":"","userRole":"ADMIN","operation":"canCreate","success":true,"ipAddress":"localhost","userAgent":"unknown","metadata":{"rateLimitRemaining":null,"processingTime":1}}
{"id":"audit_1757109602510_m3xhghkdx","timestamp":"2025-09-05T22:00:02.510Z","userId":"1","userEmail":"","userRole":"ADMIN","operation":"canCreate","success":true,"ipAddress":"localhost","userAgent":"unknown","metadata":{"rateLimitRemaining":null,"processingTime":1}}
{"id":"audit_1757109602510_szaisscly","timestamp":"2025-09-05T22:00:02.510Z","userId":"1","userEmail":"","userRole":"ADMIN","operation":"canCreate","success":true,"ipAddress":"localhost","userAgent":"unknown","metadata":{"rateLimitRemaining":null,"processingTime":1}}
{"id":"audit_1757109602510_pc8n87ccx","timestamp":"2025-09-05T22:00:02.510Z","userId":"1","userEmail":"","userRole":"ADMIN","operation":"canCreate","success":true,"ipAddress":"localhost","userAgent":"unknown","metadata":{"rateLimitRemaining":null,"processingTime":1}}
{"id":"audit_1757109602528_wy6yel1cj","timestamp":"2025-09-05T22:00:02.528Z","userId":"1","userEmail":"","userRole":"ADMIN","operation":"canCreate","success":false,"error":"Cannot read properties of undefined (reading 'success')","ipAddress":"localhost","userAgent":"unknown"}
{"id":"audit_1757109602537_vxgpjvwwe","timestamp":"2025-09-05T22:00:02.537Z","userId":"1","userEmail":"","userRole":"ADMIN","operation":"canCreate","success":false,"error":"Cannot read properties of undefined (reading 'success')","ipAddress":"localhost","userAgent":"unknown"}
{"id":"audit_1757109602546_lhrt5q1ov","timestamp":"2025-09-05T22:00:02.546Z","userId":"1","userEmail":"","userRole":"ADMIN","operation":"canCreate","success":false,"error":"Cannot read properties of undefined (reading 'success')","ipAddress":"localhost","userAgent":"unknown"}
{"id":"audit_1757109602551_he3mzn5gp","timestamp":"2025-09-05T22:00:02.551Z","userId":"1","userEmail":"","userRole":"ADMIN","operation":"canCreate","success":false,"error":"Cannot read properties of undefined (reading 'success')","ipAddress":"localhost","userAgent":"unknown"}
{"id":"audit_1757109602556_kibapc5mz","timestamp":"2025-09-05T22:00:02.556Z","userId":"1","userEmail":"","userRole":"ADMIN","operation":"canCreate","success":false,"error":"Cannot read properties of undefined (reading 'success')","ipAddress":"localhost","userAgent":"unknown"}
{"id":"audit_1757109602597_uhfh6mmfh","timestamp":"2025-09-05T22:00:02.597Z","userId":"1","userEmail":"","userRole":"ADMIN","operation":"canCreate","success":false,"error":"Cannot read properties of undefined (reading 'success')","ipAddress":"localhost","userAgent":"unknown"}
{"id":"audit_1757109602641_sgd0fv95d","timestamp":"2025-09-05T22:00:02.641Z","userId":"1","userEmail":"","userRole":"ADMIN","operation":"canCreate","success":false,"error":"Cannot read properties of undefined (reading 'success')","ipAddress":"localhost","userAgent":"unknown"}
{"id":"audit_1757109602647_iq4g3qug7","timestamp":"2025-09-05T22:00:02.647Z","userId":"1","userEmail":"","userRole":"ADMIN","operation":"canCreate","success":false,"error":"Cannot read properties of undefined (reading 'success')","ipAddress":"localhost","userAgent":"unknown"}
{"id":"audit_1757109602652_qx05yoegj","timestamp":"2025-09-05T22:00:02.652Z","userId":"1","userEmail":"","userRole":"ADMIN","operation":"canCreate","success":false,"error":"Cannot read properties of undefined (reading 'success')","ipAddress":"localhost","userAgent":"unknown"}
{"id":"audit_1757109602657_92bwo5k7w","timestamp":"2025-09-05T22:00:02.657Z","userId":"1","userEmail":"","userRole":"ADMIN","operation":"canCreate","success":false,"error":"Cannot read properties of undefined (reading 'success')","ipAddress":"localhost","userAgent":"unknown"}
{"id":"audit_1757109602697_hmtoucv0r","timestamp":"2025-09-05T22:00:02.697Z","userId":"unauthorized","userEmail":"unauthorized","userRole":"USUARIO","operation":"canCreate","success":false,"error":"Usuário não tem permissão para canCreate backups","ipAddress":"localhost","userAgent":"unknown","metadata":{"url":"http://localhost:3000/api/backup/create","method":"POST"}}
{"id":"audit_1757109602708_6hfgfb0zs","timestamp":"2025-09-05T22:00:02.709Z","userId":"1","userEmail":"","userRole":"ADMIN","operation":"canList","success":true,"ipAddress":"localhost","userAgent":"unknown","metadata":{"rateLimitRemaining":null,"processingTime":0}}
{"id":"audit_1757109602719_1hbsmcjp0","timestamp":"2025-09-05T22:00:02.719Z","userId":"1","userEmail":"","userRole":"ADMIN","operation":"canList","success":false,"error":"Cannot read properties of undefined (reading 'sort')","ipAddress":"localhost","userAgent":"unknown"}
{"id":"audit_1757109602726_ujqhih19u","timestamp":"2025-09-05T22:00:02.726Z","userId":"1","userEmail":"","userRole":"ADMIN","operation":"canList","success":true,"ipAddress":"localhost","userAgent":"unknown","metadata":{"rateLimitRemaining":null,"processingTime":0}}
{"id":"audit_1757109602733_ui9dkf8ge","timestamp":"2025-09-05T22:00:02.733Z","userId":"1","userEmail":"","userRole":"ADMIN","operation":"canList","success":false,"error":"Cannot read properties of undefined (reading 'sort')","ipAddress":"localhost","userAgent":"unknown"}
{"id":"audit_1757109602764_q9htn2xcg","timestamp":"2025-09-05T22:00:02.764Z","userId":"1","userEmail":"","userRole":"ADMIN","operation":"canCreate","success":true,"ipAddress":"localhost","userAgent":"unknown","metadata":{"resultType":"object"}}
{"id":"audit_1757109602776_eazlesflq","timestamp":"2025-09-05T22:00:02.776Z","userId":"1","userEmail":"","userRole":"ADMIN","operation":"canCreate","success":true,"ipAddress":"localhost","userAgent":"unknown","metadata":{"rateLimitRemaining":null,"processingTime":0}}
{"id":"audit_1757109602778_5r9hyg31w","timestamp":"2025-09-05T22:00:02.778Z","userId":"1","userEmail":"","userRole":"ADMIN","operation":"canCreate","success":true,"ipAddress":"localhost","userAgent":"unknown","metadata":{"resultType":"object"}}
{"id":"audit_1757109602786_okadd7pgj","timestamp":"2025-09-05T22:00:02.786Z","userId":"1","userEmail":"","userRole":"ADMIN","operation":"canCreate","success":true,"ipAddress":"localhost","userAgent":"unknown","metadata":{"rateLimitRemaining":null,"processingTime":0}}
{"id":"audit_1757109602798_apbazda19","timestamp":"2025-09-05T22:00:02.798Z","userId":"1","userEmail":"","userRole":"ADMIN","operation":"canCreate","success":true,"ipAddress":"localhost","userAgent":"unknown","metadata":{"resultType":"object"}}
{"id":"audit_1757109602880_8c9v4u1hx","timestamp":"2025-09-05T22:00:02.880Z","userId":"1","userEmail":"","userRole":"ADMIN","operation":"canList","success":true,"ipAddress":"localhost","userAgent":"unknown","metadata":{"rateLimitRemaining":null,"processingTime":0}}
{"id":"audit_1757109602906_2kt5mhe1p","timestamp":"2025-09-05T22:00:02.906Z","userId":"1","userEmail":"","userRole":"ADMIN","operation":"canList","success":false,"error":"Cannot read properties of undefined (reading 'sort')","ipAddress":"localhost","userAgent":"unknown"}
{"id":"audit_1757109602916_0ozhuvcee","timestamp":"2025-09-05T22:00:02.916Z","userId":"1","userEmail":"","userRole":"ADMIN","operation":"canList","success":true,"ipAddress":"localhost","userAgent":"unknown","metadata":{"rateLimitRemaining":null,"processingTime":0}}
{"id":"audit_1757109602924_5con397d9","timestamp":"2025-09-05T22:00:02.924Z","userId":"1","userEmail":"","userRole":"ADMIN","operation":"canList","success":false,"error":"Cannot read properties of undefined (reading 'sort')","ipAddress":"localhost","userAgent":"unknown"}
{"id":"audit_1757109602933_jlqwccpih","timestamp":"2025-09-05T22:00:02.933Z","userId":"1","userEmail":"","userRole":"ADMIN","operation":"canList","success":true,"ipAddress":"localhost","userAgent":"unknown","metadata":{"rateLimitRemaining":null,"processingTime":0}}
{"id":"audit_1757109602940_2ykapm0y6","timestamp":"2025-09-05T22:00:02.940Z","userId":"1","userEmail":"","userRole":"ADMIN","operation":"canList","success":false,"error":"Cannot read properties of undefined (reading 'filter')","ipAddress":"localhost","userAgent":"unknown"}
{"id":"audit_1757109603253_8tvudwsla","timestamp":"2025-09-05T22:00:03.253Z","userId":"1","userEmail":"","userRole":"ADMIN","operation":"canList","success":true,"ipAddress":"localhost","userAgent":"unknown","metadata":{"rateLimitRemaining":null,"processingTime":3}}
{"id":"audit_1757109603268_77wabfv23","timestamp":"2025-09-05T22:00:03.268Z","userId":"1","userEmail":"","userRole":"ADMIN","operation":"canList","success":false,"error":"Cannot read properties of undefined (reading 'sort')","ipAddress":"localhost","userAgent":"unknown"}
{"id":"audit_1757109603284_c0ld7c0kk","timestamp":"2025-09-05T22:00:03.284Z","userId":"1","userEmail":"","userRole":"ADMIN","operation":"canCreate","success":true,"ipAddress":"localhost","userAgent":"unknown","metadata":{"rateLimitRemaining":null,"processingTime":0}}
{"id":"audit_1757109603409_qkhzpp5ec","timestamp":"2025-09-05T22:00:03.409Z","userId":"1","userEmail":"","userRole":"ADMIN","operation":"canCreate","success":true,"ipAddress":"localhost","userAgent":"unknown","metadata":{"resultType":"object"}}
{"id":"audit_1757109615714_x8xmv2cj2","timestamp":"2025-09-05T22:00:15.714Z","userId":"1","userEmail":"","userRole":"ADMIN","operation":"canCreate","success":true,"ipAddress":"localhost","userAgent":"unknown","metadata":{"rateLimitRemaining":null,"processingTime":1}}
{"id":"audit_1757109615861_idfy6p8il","timestamp":"2025-09-05T22:00:15.861Z","userId":"1","userEmail":"","userRole":"ADMIN","operation":"canCreate","success":true,"ipAddress":"localhost","userAgent":"unknown","metadata":{"resultType":"object"}}
{"id":"audit_1757109615865_hhyvuwa73","timestamp":"2025-09-05T22:00:15.865Z","userId":"1","userEmail":"","userRole":"ADMIN","operation":"canCreate","success":true,"ipAddress":"localhost","userAgent":"unknown","metadata":{"rateLimitRemaining":null,"processingTime":0}}
{"id":"audit_1757109615982_ipfyhy76p","timestamp":"2025-09-05T22:00:15.982Z","userId":"1","userEmail":"","userRole":"ADMIN","operation":"canCreate","success":true,"ipAddress":"localhost","userAgent":"unknown","metadata":{"rateLimitRemaining":null,"processingTime":0}}
{"id":"audit_1757109616017_33qffwvic","timestamp":"2025-09-05T22:00:16.017Z","userId":"1","userEmail":"","userRole":"ADMIN","operation":"canCreate","success":true,"ipAddress":"localhost","userAgent":"unknown","metadata":{"resultType":"object"}}
{"id":"audit_1757109616031_5bv47uopt","timestamp":"2025-09-05T22:00:16.031Z","userId":"unauthorized","userEmail":"unauthorized","userRole":"USUARIO","operation":"canCreate","success":false,"error":"Usuário não tem permissão para canCreate backups","ipAddress":"localhost","userAgent":"unknown","metadata":{"url":"http://localhost:3000/api/backup/create","method":"POST"}}
{"id":"audit_1757109616034_sw9w7qo7t","timestamp":"2025-09-05T22:00:16.034Z","userId":"unauthorized","userEmail":"unauthorized","userRole":"USUARIO","operation":"canCreate","success":false,"error":"Usuário não autenticado","ipAddress":"localhost","userAgent":"unknown","metadata":{"url":"http://localhost:3000/api/backup/create","method":"POST"}}
{"id":"audit_1757109616037_ikptrndlu","timestamp":"2025-09-05T22:00:16.037Z","userId":"1","userEmail":"","userRole":"ADMIN","operation":"canCreate","success":true,"ipAddress":"localhost","userAgent":"unknown","metadata":{"rateLimitRemaining":null,"processingTime":0}}
{"id":"audit_1757109616046_56scx2fja","timestamp":"2025-09-05T22:00:16.046Z","userId":"1","userEmail":"","userRole":"ADMIN","operation":"canCreate","success":false,"error":"Falha na conexão com o banco de dados","ipAddress":"localhost","userAgent":"unknown"}
{"id":"audit_1757109616101_fz6wjcxqm","timestamp":"2025-09-05T22:00:16.101Z","userId":"3","userEmail":"","userRole":"SUPERVISOR","operation":"canList","success":true,"ipAddress":"localhost","userAgent":"unknown","metadata":{"rateLimitRemaining":null,"processingTime":0}}
{"id":"audit_1757109616116_09kp4ciok","timestamp":"2025-09-05T22:00:16.116Z","userId":"3","userEmail":"","userRole":"SUPERVISOR","operation":"canList","success":false,"error":"Cannot read properties of undefined (reading 'sort')","ipAddress":"localhost","userAgent":"unknown"}
{"id":"audit_1757109616118_xuu17x7k5","timestamp":"2025-09-05T22:00:16.118Z","userId":"1","userEmail":"","userRole":"ADMIN","operation":"canList","success":true,"ipAddress":"localhost","userAgent":"unknown","metadata":{"rateLimitRemaining":null,"processingTime":0}}
{"id":"audit_1757109616124_h56g96sxz","timestamp":"2025-09-05T22:00:16.124Z","userId":"1","userEmail":"","userRole":"ADMIN","operation":"canList","success":false,"error":"Cannot read properties of undefined (reading 'filter')","ipAddress":"localhost","userAgent":"unknown"}
{"id":"audit_1757109616126_vf4kv959a","timestamp":"2025-09-05T22:00:16.126Z","userId":"1","userEmail":"","userRole":"ADMIN","operation":"canList","success":true,"ipAddress":"localhost","userAgent":"unknown","metadata":{"rateLimitRemaining":null,"processingTime":0}}
{"id":"audit_1757109616130_koyk65qk2","timestamp":"2025-09-05T22:00:16.130Z","userId":"1","userEmail":"","userRole":"ADMIN","operation":"canList","success":false,"error":"Cannot read properties of undefined (reading 'sort')","ipAddress":"localhost","userAgent":"unknown"}
{"id":"audit_1757109616344_qojy1q4gt","timestamp":"2025-09-05T22:00:16.344Z","userId":"1","userEmail":"","userRole":"SUPERADMIN","operation":"canCreate","success":true,"ipAddress":"localhost","userAgent":"unknown","metadata":{"rateLimitRemaining":null,"processingTime":0}}
{"id":"audit_1757109616362_kpbdwnpaz","timestamp":"2025-09-05T22:00:16.362Z","userId":"1","userEmail":"","userRole":"SUPERADMIN","operation":"canCreate","success":false,"error":"Cannot read properties of undefined (reading 'success')","ipAddress":"localhost","userAgent":"unknown"}
{"id":"audit_1757109616368_2ugcygeoa","timestamp":"2025-09-05T22:00:16.368Z","userId":"1","userEmail":"","userRole":"SUPERADMIN","operation":"canList","success":true,"ipAddress":"localhost","userAgent":"unknown","metadata":{"rateLimitRemaining":null,"processingTime":1}}
{"id":"audit_1757109616375_n191xeocs","timestamp":"2025-09-05T22:00:16.375Z","userId":"1","userEmail":"","userRole":"SUPERADMIN","operation":"canList","success":false,"error":"Cannot read properties of undefined (reading 'sort')","ipAddress":"localhost","userAgent":"unknown"}
{"id":"audit_1757109616380_7jdk8kbc9","timestamp":"2025-09-05T22:00:16.380Z","userId":"1","userEmail":"","userRole":"ADMIN","operation":"canCreate","success":true,"ipAddress":"localhost","userAgent":"unknown","metadata":{"resultType":"object"}}
{"id":"audit_1757109616382_4j2d1gatd","timestamp":"2025-09-05T22:00:16.382Z","userId":"1","userEmail":"","userRole":"ADMIN","operation":"canCreate","success":true,"ipAddress":"localhost","userAgent":"unknown","metadata":{"rateLimitRemaining":null,"processingTime":0}}
{"id":"audit_1757109616422_qcedddo3r","timestamp":"2025-09-05T22:00:16.422Z","userId":"1","userEmail":"","userRole":"SUPERADMIN","operation":"canDownload","success":true,"ipAddress":"localhost","userAgent":"unknown","metadata":{"rateLimitRemaining":null,"processingTime":0}}
{"id":"audit_1757109616427_l3914n7bg","timestamp":"2025-09-05T22:00:16.427Z","userId":"1","userEmail":"","userRole":"ADMIN","operation":"canCreate","success":true,"ipAddress":"localhost","userAgent":"unknown","metadata":{"rateLimitRemaining":null,"processingTime":0}}
{"id":"audit_1757109616430_i46r99ufq","timestamp":"2025-09-05T22:00:16.430Z","userId":"1","userEmail":"","userRole":"ADMIN","operation":"canCreate","success":false,"error":"Cannot read properties of undefined (reading 'success')","ipAddress":"localhost","userAgent":"unknown"}
{"id":"audit_1757109616432_wvsjs4wce","timestamp":"2025-09-05T22:00:16.432Z","userId":"1","userEmail":"","userRole":"ADMIN","operation":"canList","success":true,"ipAddress":"localhost","userAgent":"unknown","metadata":{"rateLimitRemaining":null,"processingTime":0}}
{"id":"audit_1757109616435_fxyoeb4dh","timestamp":"2025-09-05T22:00:16.435Z","userId":"1","userEmail":"","userRole":"ADMIN","operation":"canList","success":false,"error":"Cannot read properties of undefined (reading 'sort')","ipAddress":"localhost","userAgent":"unknown"}
{"id":"audit_1757109616438_umfg3pjv0","timestamp":"2025-09-05T22:00:16.438Z","userId":"1","userEmail":"","userRole":"ADMIN","operation":"canDownload","success":true,"ipAddress":"localhost","userAgent":"unknown","metadata":{"rateLimitRemaining":null,"processingTime":0}}
{"id":"audit_1757109616440_hpow6xfqr","timestamp":"2025-09-05T22:00:16.440Z","userId":"unauthorized","userEmail":"unauthorized","userRole":"USUARIO","operation":"canCreate","success":false,"error":"Usuário não tem permissão para canCreate backups","ipAddress":"localhost","userAgent":"unknown","metadata":{"url":"http://localhost:3000/api/backup/create","method":"POST"}}
{"id":"audit_1757109616442_k0vcma3y6","timestamp":"2025-09-05T22:00:16.442Z","userId":"1","userEmail":"","userRole":"SUPERVISOR","operation":"canList","success":true,"ipAddress":"localhost","userAgent":"unknown","metadata":{"rateLimitRemaining":null,"processingTime":0}}
{"id":"audit_1757109616445_eq4a0e7e4","timestamp":"2025-09-05T22:00:16.445Z","userId":"1","userEmail":"","userRole":"SUPERVISOR","operation":"canList","success":false,"error":"Cannot read properties of undefined (reading 'sort')","ipAddress":"localhost","userAgent":"unknown"}
{"id":"audit_1757109616446_6uqr8lwpk","timestamp":"2025-09-05T22:00:16.446Z","userId":"1","userEmail":"","userRole":"SUPERVISOR","operation":"canDownload","success":true,"ipAddress":"localhost","userAgent":"unknown","metadata":{"rateLimitRemaining":null,"processingTime":0}}
{"id":"audit_1757109616448_754fizodh","timestamp":"2025-09-05T22:00:16.448Z","userId":"unauthorized","userEmail":"unauthorized","userRole":"USUARIO","operation":"canCreate","success":false,"error":"Usuário não tem permissão para canCreate backups","ipAddress":"localhost","userAgent":"unknown","metadata":{"url":"http://localhost:3000/api/backup/create","method":"POST"}}
{"id":"audit_1757109616450_glcqgn6fs","timestamp":"2025-09-05T22:00:16.450Z","userId":"unauthorized","userEmail":"unauthorized","userRole":"USUARIO","operation":"canList","success":false,"error":"Usuário não tem permissão para canList backups","ipAddress":"localhost","userAgent":"unknown","metadata":{"url":"http://localhost:3000/api/backup/list","method":"GET"}}
{"id":"audit_1757109616451_l8vd72wqs","timestamp":"2025-09-05T22:00:16.451Z","userId":"unauthorized","userEmail":"unauthorized","userRole":"USUARIO","operation":"canDownload","success":false,"error":"Usuário não tem permissão para canDownload backups","ipAddress":"localhost","userAgent":"unknown","metadata":{"url":"http://localhost:3000/api/backup/download/test-id","method":"GET"}}
{"id":"audit_1757109616453_o9w89bf30","timestamp":"2025-09-05T22:00:16.453Z","userId":"unauthorized","userEmail":"unauthorized","userRole":"USUARIO","operation":"canCreate","success":false,"error":"Usuário não autenticado","ipAddress":"localhost","userAgent":"unknown","metadata":{"url":"http://localhost:3000/api/backup/create","method":"POST"}}
{"id":"audit_1757109616455_jh06f1jx7","timestamp":"2025-09-05T22:00:16.455Z","userId":"unauthorized","userEmail":"unauthorized","userRole":"USUARIO","operation":"canCreate","success":false,"error":"Usuário não autenticado","ipAddress":"localhost","userAgent":"unknown","metadata":{"url":"http://localhost:3000/api/backup/create","method":"POST"}}
{"id":"audit_1757109616458_z6lnw6m2v","timestamp":"2025-09-05T22:00:16.458Z","userId":"unknown","userEmail":"unknown","userRole":"USUARIO","operation":"canCreate","success":false,"error":"Erro interno no middleware de segurança","ipAddress":"localhost","userAgent":"unknown"}
{"id":"audit_1757109616460_0e2ini60g","timestamp":"2025-09-05T22:00:16.460Z","userId":"1","userEmail":"","userRole":"ADMIN","operation":"canDownload","success":true,"ipAddress":"localhost","userAgent":"unknown","metadata":{"rateLimitRemaining":null,"processingTime":0}}
{"id":"audit_1757109616461_m03wq52b2","timestamp":"2025-09-05T22:00:16.461Z","userId":"1","userEmail":"","userRole":"ADMIN","operation":"canDownload","success":true,"ipAddress":"localhost","userAgent":"unknown","metadata":{"rateLimitRemaining":null,"processingTime":0}}
{"id":"audit_1757109616462_ndclvb1m8","timestamp":"2025-09-05T22:00:16.462Z","userId":"1","userEmail":"","userRole":"ADMIN","operation":"canDownload","success":true,"ipAddress":"localhost","userAgent":"unknown","metadata":{"rateLimitRemaining":null,"processingTime":0}}
{"id":"audit_1757109616463_ct2h8el1w","timestamp":"2025-09-05T22:00:16.463Z","userId":"1","userEmail":"","userRole":"ADMIN","operation":"canDownload","success":true,"ipAddress":"localhost","userAgent":"unknown","metadata":{"rateLimitRemaining":null,"processingTime":0}}
{"id":"audit_1757109616464_u2xkzhbbi","timestamp":"2025-09-05T22:00:16.464Z","userId":"1","userEmail":"","userRole":"ADMIN","operation":"canDownload","success":true,"ipAddress":"localhost","userAgent":"unknown","metadata":{"rateLimitRemaining":null,"processingTime":0}}
{"id":"audit_1757109616465_t2zc93wbs","timestamp":"2025-09-05T22:00:16.465Z","userId":"1","userEmail":"","userRole":"ADMIN","operation":"canCreate","success":true,"ipAddress":"localhost","userAgent":"unknown","metadata":{"rateLimitRemaining":null,"processingTime":0}}
{"id":"audit_1757109616468_qlk8miqr5","timestamp":"2025-09-05T22:00:16.468Z","userId":"1","userEmail":"","userRole":"ADMIN","operation":"canCreate","success":false,"error":"Nome do arquivo contém caracteres inválidos. Use apenas letras, números, _ e -","ipAddress":"localhost","userAgent":"unknown"}
{"id":"audit_1757109616470_lxyevze46","timestamp":"2025-09-05T22:00:16.470Z","userId":"1","userEmail":"","userRole":"ADMIN","operation":"canCreate","success":true,"ipAddress":"localhost","userAgent":"unknown","metadata":{"rateLimitRemaining":null,"processingTime":0}}
{"id":"audit_1757109616473_7owvl974q","timestamp":"2025-09-05T22:00:16.473Z","userId":"1","userEmail":"","userRole":"ADMIN","operation":"canCreate","success":false,"error":"Nome do arquivo muito longo (máximo 100 caracteres)","ipAddress":"localhost","userAgent":"unknown"}
{"id":"audit_1757109616476_zpcub6mmc","timestamp":"2025-09-05T22:00:16.476Z","userId":"1","userEmail":"","userRole":"ADMIN","operation":"canCreate","success":true,"ipAddress":"localhost","userAgent":"unknown","metadata":{"rateLimitRemaining":null,"processingTime":0}}
{"id":"audit_1757109616477_9961ibva1","timestamp":"2025-09-05T22:00:16.477Z","userId":"1","userEmail":"","userRole":"ADMIN","operation":"canCreate","success":true,"ipAddress":"localhost","userAgent":"unknown","metadata":{"rateLimitRemaining":null,"processingTime":1}}
{"id":"audit_1757109616477_5xeo270dn","timestamp":"2025-09-05T22:00:16.477Z","userId":"1","userEmail":"","userRole":"ADMIN","operation":"canCreate","success":true,"ipAddress":"localhost","userAgent":"unknown","metadata":{"rateLimitRemaining":null,"processingTime":1}}
{"id":"audit_1757109616477_5295o2shp","timestamp":"2025-09-05T22:00:16.477Z","userId":"1","userEmail":"","userRole":"ADMIN","operation":"canCreate","success":true,"ipAddress":"localhost","userAgent":"unknown","metadata":{"rateLimitRemaining":null,"processingTime":1}}
{"id":"audit_1757109616477_31fg6dur1","timestamp":"2025-09-05T22:00:16.477Z","userId":"1","userEmail":"","userRole":"ADMIN","operation":"canCreate","success":true,"ipAddress":"localhost","userAgent":"unknown","metadata":{"rateLimitRemaining":null,"processingTime":1}}
{"id":"audit_1757109616477_e53ofm35t","timestamp":"2025-09-05T22:00:16.477Z","userId":"1","userEmail":"","userRole":"ADMIN","operation":"canCreate","success":true,"ipAddress":"localhost","userAgent":"unknown","metadata":{"rateLimitRemaining":null,"processingTime":1}}
{"id":"audit_1757109616477_50dtaaykb","timestamp":"2025-09-05T22:00:16.477Z","userId":"1","userEmail":"","userRole":"ADMIN","operation":"canCreate","success":true,"ipAddress":"localhost","userAgent":"unknown","metadata":{"rateLimitRemaining":null,"processingTime":1}}
{"id":"audit_1757109616477_iub6np0gl","timestamp":"2025-09-05T22:00:16.477Z","userId":"1","userEmail":"","userRole":"ADMIN","operation":"canCreate","success":true,"ipAddress":"localhost","userAgent":"unknown","metadata":{"rateLimitRemaining":null,"processingTime":1}}
{"id":"audit_1757109616477_nqs03zesm","timestamp":"2025-09-05T22:00:16.477Z","userId":"1","userEmail":"","userRole":"ADMIN","operation":"canCreate","success":true,"ipAddress":"localhost","userAgent":"unknown","metadata":{"rateLimitRemaining":null,"processingTime":1}}
{"id":"audit_1757109616477_twkrnoqpq","timestamp":"2025-09-05T22:00:16.477Z","userId":"1","userEmail":"","userRole":"ADMIN","operation":"canCreate","success":true,"ipAddress":"localhost","userAgent":"unknown","metadata":{"rateLimitRemaining":null,"processingTime":1}}
{"id":"audit_1757109616480_ej10593m8","timestamp":"2025-09-05T22:00:16.480Z","userId":"1","userEmail":"","userRole":"ADMIN","operation":"canCreate","success":false,"error":"Cannot read properties of undefined (reading 'success')","ipAddress":"localhost","userAgent":"unknown"}
{"id":"audit_1757109616486_qfywr4qjp","timestamp":"2025-09-05T22:00:16.486Z","userId":"1","userEmail":"","userRole":"ADMIN","operation":"canCreate","success":false,"error":"Cannot read properties of undefined (reading 'success')","ipAddress":"localhost","userAgent":"unknown"}
{"id":"audit_1757109616483_y57tms3mg","timestamp":"2025-09-05T22:00:16.483Z","userId":"1","userEmail":"","userRole":"ADMIN","operation":"canCreate","success":false,"error":"Cannot read properties of undefined (reading 'success')","ipAddress":"localhost","userAgent":"unknown"}
{"id":"audit_1757109616488_jhm5xaq6x","timestamp":"2025-09-05T22:00:16.488Z","userId":"1","userEmail":"","userRole":"ADMIN","operation":"canCreate","success":false,"error":"Cannot read properties of undefined (reading 'success')","ipAddress":"localhost","userAgent":"unknown"}
{"id":"audit_1757109616491_781cib4uw","timestamp":"2025-09-05T22:00:16.491Z","userId":"1","userEmail":"","userRole":"ADMIN","operation":"canCreate","success":false,"error":"Cannot read properties of undefined (reading 'success')","ipAddress":"localhost","userAgent":"unknown"}
{"id":"audit_1757109616496_hzy915via","timestamp":"2025-09-05T22:00:16.496Z","userId":"1","userEmail":"","userRole":"ADMIN","operation":"canCreate","success":false,"error":"Cannot read properties of undefined (reading 'success')","ipAddress":"localhost","userAgent":"unknown"}
{"id":"audit_1757109616494_s8zlulw85","timestamp":"2025-09-05T22:00:16.494Z","userId":"1","userEmail":"","userRole":"ADMIN","operation":"canCreate","success":false,"error":"Cannot read properties of undefined (reading 'success')","ipAddress":"localhost","userAgent":"unknown"}
{"id":"audit_1757109616499_ou0vfcr73","timestamp":"2025-09-05T22:00:16.499Z","userId":"1","userEmail":"","userRole":"ADMIN","operation":"canCreate","success":false,"error":"Cannot read properties of undefined (reading 'success')","ipAddress":"localhost","userAgent":"unknown"}
{"id":"audit_1757109616504_h5ylfl0hw","timestamp":"2025-09-05T22:00:16.504Z","userId":"1","userEmail":"","userRole":"ADMIN","operation":"canCreate","success":false,"error":"Cannot read properties of undefined (reading 'success')","ipAddress":"localhost","userAgent":"unknown"}
{"id":"audit_1757109616506_660laxogh","timestamp":"2025-09-05T22:00:16.506Z","userId":"1","userEmail":"","userRole":"ADMIN","operation":"canCreate","success":false,"error":"Cannot read properties of undefined (reading 'success')","ipAddress":"localhost","userAgent":"unknown"}
{"id":"audit_1757109616511_zkxe3ppxu","timestamp":"2025-09-05T22:00:16.511Z","userId":"unauthorized","userEmail":"unauthorized","userRole":"USUARIO","operation":"canCreate","success":false,"error":"Usuário não tem permissão para canCreate backups","ipAddress":"localhost","userAgent":"unknown","metadata":{"url":"http://localhost:3000/api/backup/create","method":"POST"}}
{"id":"audit_1757109616512_6gayrg7n3","timestamp":"2025-09-05T22:00:16.512Z","userId":"1","userEmail":"","userRole":"ADMIN","operation":"canList","success":true,"ipAddress":"localhost","userAgent":"unknown","metadata":{"rateLimitRemaining":null,"processingTime":0}}
{"id":"audit_1757109616515_oph2gvwoe","timestamp":"2025-09-05T22:00:16.515Z","userId":"1","userEmail":"","userRole":"ADMIN","operation":"canList","success":false,"error":"Cannot read properties of undefined (reading 'sort')","ipAddress":"localhost","userAgent":"unknown"}
{"id":"audit_1757109616517_mbj9z19qm","timestamp":"2025-09-05T22:00:16.517Z","userId":"1","userEmail":"","userRole":"ADMIN","operation":"canList","success":true,"ipAddress":"localhost","userAgent":"unknown","metadata":{"rateLimitRemaining":null,"processingTime":0}}
{"id":"audit_1757109616519_1f45k9msz","timestamp":"2025-09-05T22:00:16.519Z","userId":"1","userEmail":"","userRole":"ADMIN","operation":"canList","success":false,"error":"Cannot read properties of undefined (reading 'sort')","ipAddress":"localhost","userAgent":"unknown"}
{"id":"audit_1757109616748_mm5a7be02","timestamp":"2025-09-05T22:00:16.748Z","userId":"1","userEmail":"","userRole":"ADMIN","operation":"canCreate","success":true,"ipAddress":"localhost","userAgent":"unknown","metadata":{"resultType":"object"}}
{"id":"audit_1757109616750_qgen09gyt","timestamp":"2025-09-05T22:00:16.750Z","userId":"1","userEmail":"","userRole":"ADMIN","operation":"canCreate","success":true,"ipAddress":"localhost","userAgent":"unknown","metadata":{"rateLimitRemaining":null,"processingTime":0}}
{"id":"audit_1757109616751_sm5vl54q1","timestamp":"2025-09-05T22:00:16.751Z","userId":"1","userEmail":"","userRole":"ADMIN","operation":"canCreate","success":true,"ipAddress":"localhost","userAgent":"unknown","metadata":{"resultType":"object"}}
{"id":"audit_1757109616753_q707z8xf1","timestamp":"2025-09-05T22:00:16.753Z","userId":"1","userEmail":"","userRole":"ADMIN","operation":"canCreate","success":true,"ipAddress":"localhost","userAgent":"unknown","metadata":{"rateLimitRemaining":null,"processingTime":0}}
{"id":"audit_1757109616754_66t75u41r","timestamp":"2025-09-05T22:00:16.754Z","userId":"1","userEmail":"","userRole":"ADMIN","operation":"canCreate","success":true,"ipAddress":"localhost","userAgent":"unknown","metadata":{"resultType":"object"}}
{"id":"audit_1757109616783_hh6t0way3","timestamp":"2025-09-05T22:00:16.783Z","userId":"1","userEmail":"","userRole":"ADMIN","operation":"canList","success":true,"ipAddress":"localhost","userAgent":"unknown","metadata":{"rateLimitRemaining":null,"processingTime":0}}
{"id":"audit_1757109616802_jt2pdcomz","timestamp":"2025-09-05T22:00:16.802Z","userId":"1","userEmail":"","userRole":"ADMIN","operation":"canList","success":false,"error":"Cannot read properties of undefined (reading 'sort')","ipAddress":"localhost","userAgent":"unknown"}
{"id":"audit_1757109616806_bhckww7b4","timestamp":"2025-09-05T22:00:16.806Z","userId":"1","userEmail":"","userRole":"ADMIN","operation":"canList","success":true,"ipAddress":"localhost","userAgent":"unknown","metadata":{"rateLimitRemaining":null,"processingTime":0}}
{"id":"audit_1757109616810_64dg4aip8","timestamp":"2025-09-05T22:00:16.810Z","userId":"1","userEmail":"","userRole":"ADMIN","operation":"canList","success":false,"error":"Cannot read properties of undefined (reading 'sort')","ipAddress":"localhost","userAgent":"unknown"}
{"id":"audit_1757109616812_0ymfwo9o4","timestamp":"2025-09-05T22:00:16.812Z","userId":"1","userEmail":"","userRole":"ADMIN","operation":"canList","success":true,"ipAddress":"localhost","userAgent":"unknown","metadata":{"rateLimitRemaining":null,"processingTime":0}}
{"id":"audit_1757109616816_ibyrml6a1","timestamp":"2025-09-05T22:00:16.816Z","userId":"1","userEmail":"","userRole":"ADMIN","operation":"canList","success":false,"error":"Cannot read properties of undefined (reading 'filter')","ipAddress":"localhost","userAgent":"unknown"}
{"id":"audit_1757109617023_ljbjqc4xa","timestamp":"2025-09-05T22:00:17.023Z","userId":"1","userEmail":"","userRole":"ADMIN","operation":"canList","success":true,"ipAddress":"localhost","userAgent":"unknown","metadata":{"rateLimitRemaining":null,"processingTime":0}}
{"id":"audit_1757109617026_qygla1i82","timestamp":"2025-09-05T22:00:17.026Z","userId":"1","userEmail":"","userRole":"ADMIN","operation":"canList","success":false,"error":"Cannot read properties of undefined (reading 'sort')","ipAddress":"localhost","userAgent":"unknown"}
{"id":"audit_1757109617030_czjapft9k","timestamp":"2025-09-05T22:00:17.030Z","userId":"1","userEmail":"","userRole":"ADMIN","operation":"canCreate","success":true,"ipAddress":"localhost","userAgent":"unknown","metadata":{"rateLimitRemaining":null,"processingTime":0}}
{"id":"audit_1757109617145_a7kjrxx8j","timestamp":"2025-09-05T22:00:17.145Z","userId":"1","userEmail":"","userRole":"ADMIN","operation":"canCreate","success":true,"ipAddress":"localhost","userAgent":"unknown","metadata":{"resultType":"object"}}
{"id":"audit_1757110662608_ze28li5la","timestamp":"2025-09-05T22:17:42.608Z","userId":"cmf5yovrd0000zmd6syh33nk3","userEmail":"superadmin@sistema.com","userRole":"SUPERADMIN","operation":"canList","success":true,"ipAddress":"127.0.0.1","userAgent":"Mozilla/5.0 (Windows NT 10.0; Win64; x64) AppleWebKit/537.36 (KHTML, like Gecko) Chrome/139.0.0.0 Safari/537.36","metadata":{"rateLimitRemaining":null,"processingTime":12}}
{"id":"audit_1757110662611_8vqj2k1uq","timestamp":"2025-09-05T22:17:42.611Z","userId":"cmf5yovrd0000zmd6syh33nk3","userEmail":"superadmin@sistema.com","userRole":"SUPERADMIN","operation":"canList","success":true,"ipAddress":"127.0.0.1","userAgent":"Mozilla/5.0 (Windows NT 10.0; Win64; x64) AppleWebKit/537.36 (KHTML, like Gecko) Chrome/139.0.0.0 Safari/537.36","metadata":{"resultType":"object"}}
{"id":"audit_1757110662630_83ocy6y86","timestamp":"2025-09-05T22:17:42.630Z","userId":"cmf5yovrd0000zmd6syh33nk3","userEmail":"superadmin@sistema.com","userRole":"SUPERADMIN","operation":"canList","success":true,"ipAddress":"127.0.0.1","userAgent":"Mozilla/5.0 (Windows NT 10.0; Win64; x64) AppleWebKit/537.36 (KHTML, like Gecko) Chrome/139.0.0.0 Safari/537.36","metadata":{"rateLimitRemaining":null,"processingTime":1}}
{"id":"audit_1757110662631_ter86kn3e","timestamp":"2025-09-05T22:17:42.631Z","userId":"cmf5yovrd0000zmd6syh33nk3","userEmail":"superadmin@sistema.com","userRole":"SUPERADMIN","operation":"canList","success":true,"ipAddress":"127.0.0.1","userAgent":"Mozilla/5.0 (Windows NT 10.0; Win64; x64) AppleWebKit/537.36 (KHTML, like Gecko) Chrome/139.0.0.0 Safari/537.36","metadata":{"resultType":"object"}}
{"id":"audit_1757110671688_3v4bxgqv2","timestamp":"2025-09-05T22:17:51.688Z","userId":"cmf5yovrd0000zmd6syh33nk3","userEmail":"superadmin@sistema.com","userRole":"SUPERADMIN","operation":"canCreate","success":true,"ipAddress":"127.0.0.1","userAgent":"Mozilla/5.0 (Windows NT 10.0; Win64; x64) AppleWebKit/537.36 (KHTML, like Gecko) Chrome/139.0.0.0 Safari/537.36","metadata":{"rateLimitRemaining":null,"processingTime":11}}
{"id":"audit_1757110722828_cwnt8e78y","timestamp":"2025-09-05T22:18:42.828Z","userId":"cmf5yovrd0000zmd6syh33nk3","userEmail":"superadmin@sistema.com","userRole":"SUPERADMIN","operation":"canCreate","success":false,"error":"Erro ao executar pg_dump: spawn pg_dump ENOENT","ipAddress":"127.0.0.1","userAgent":"Mozilla/5.0 (Windows NT 10.0; Win64; x64) AppleWebKit/537.36 (KHTML, like Gecko) Chrome/139.0.0.0 Safari/537.36"}
{"id":"audit_1757110722911_flxpiut1p","timestamp":"2025-09-05T22:18:42.911Z","userId":"cmf5yovrd0000zmd6syh33nk3","userEmail":"superadmin@sistema.com","userRole":"SUPERADMIN","operation":"canList","success":true,"ipAddress":"127.0.0.1","userAgent":"Mozilla/5.0 (Windows NT 10.0; Win64; x64) AppleWebKit/537.36 (KHTML, like Gecko) Chrome/139.0.0.0 Safari/537.36","metadata":{"rateLimitRemaining":null,"processingTime":8}}
{"id":"audit_1757110722913_f76n3rr8q","timestamp":"2025-09-05T22:18:42.913Z","userId":"cmf5yovrd0000zmd6syh33nk3","userEmail":"superadmin@sistema.com","userRole":"SUPERADMIN","operation":"canList","success":true,"ipAddress":"127.0.0.1","userAgent":"Mozilla/5.0 (Windows NT 10.0; Win64; x64) AppleWebKit/537.36 (KHTML, like Gecko) Chrome/139.0.0.0 Safari/537.36","metadata":{"resultType":"object"}}
